::1 - - [09/Nov/2022:19:32:55 +0200] "GET / HTTP/1.1" 200 288
::1 - - [09/Nov/2022:19:32:56 +0200] "GET /favicon.ico HTTP/1.1" 404 299
::1 - - [09/Nov/2022:19:55:03 +0200] "GET / HTTP/1.1" 200 2005
::1 - - [09/Nov/2022:20:23:40 +0200] "GET / HTTP/1.1" 200 2053
::1 - - [09/Nov/2022:20:23:41 +0200] "GET /basics.php HTTP/1.1" 200 1800
::1 - - [09/Nov/2022:20:31:55 +0200] "GET /basics.php HTTP/1.1" 200 2254
::1 - - [09/Nov/2022:20:35:13 +0200] "GET /basics.php HTTP/1.1" 200 2147
::1 - - [09/Nov/2022:20:35:53 +0200] "GET /basics.php HTTP/1.1" 200 239
::1 - - [09/Nov/2022:20:36:11 +0200] "GET /basics.php HTTP/1.1" 200 239
::1 - - [09/Nov/2022:20:36:12 +0200] "GET /basics.php HTTP/1.1" 200 239
::1 - - [09/Nov/2022:20:36:13 +0200] "GET /basics.php HTTP/1.1" 200 239
::1 - - [09/Nov/2022:20:36:40 +0200] "GET /basics.php HTTP/1.1" 200 2389
::1 - - [09/Nov/2022:20:40:44 +0200] "GET /basics.php HTTP/1.1" 200 166
::1 - - [09/Nov/2022:20:40:56 +0200] "GET /basics.php HTTP/1.1" 200 2781
::1 - - [09/Nov/2022:20:41:50 +0200] "GET /basics.php HTTP/1.1" 200 2575
::1 - - [09/Nov/2022:20:42:13 +0200] "GET /basics.php HTTP/1.1" 200 2575
::1 - - [09/Nov/2022:20:42:14 +0200] "GET /basics.php HTTP/1.1" 200 2575
::1 - - [09/Nov/2022:20:42:15 +0200] "GET /basics.php HTTP/1.1" 200 2575
::1 - - [09/Nov/2022:20:42:45 +0200] "GET /basics.php HTTP/1.1" 200 2575
::1 - - [09/Nov/2022:20:42:45 +0200] "GET /basics.php HTTP/1.1" 200 2575
::1 - - [09/Nov/2022:20:42:53 +0200] "GET /basics.php HTTP/1.1" 200 2575
::1 - - [09/Nov/2022:20:42:53 +0200] "GET /basics.php HTTP/1.1" 200 2575
::1 - - [09/Nov/2022:20:42:53 +0200] "GET /basics.php HTTP/1.1" 200 2575
::1 - - [09/Nov/2022:20:43:14 +0200] "GET /basics.php HTTP/1.1" 200 2575
::1 - - [09/Nov/2022:20:43:15 +0200] "GET /basics.php HTTP/1.1" 200 2575
::1 - - [09/Nov/2022:20:43:15 +0200] "GET /basics.php HTTP/1.1" 200 2575
::1 - - [09/Nov/2022:20:43:15 +0200] "GET /basics.php HTTP/1.1" 200 2575
::1 - - [09/Nov/2022:20:43:15 +0200] "GET /basics.php HTTP/1.1" 200 2575
::1 - - [09/Nov/2022:20:43:40 +0200] "GET /basics.php HTTP/1.1" 200 2575
::1 - - [09/Nov/2022:20:43:41 +0200] "GET /basics.php HTTP/1.1" 200 2575
::1 - - [09/Nov/2022:20:43:41 +0200] "GET /basics.php HTTP/1.1" 200 2575
::1 - - [09/Nov/2022:20:44:24 +0200] "GET /basics.php HTTP/1.1" 200 2393
::1 - - [09/Nov/2022:20:44:55 +0200] "GET /basics.php HTTP/1.1" 200 2575
::1 - - [09/Nov/2022:20:45:13 +0200] "GET /basics.php HTTP/1.1" 200 2421
::1 - - [09/Nov/2022:20:49:12 +0200] "GET /basics.php HTTP/1.1" 200 2427
::1 - - [10/Nov/2022:08:22:10 +0200] "GET / HTTP/1.1" 200 2053
::1 - - [10/Nov/2022:08:22:11 +0200] "GET /favicon.ico HTTP/1.1" 404 299
::1 - - [10/Nov/2022:08:23:22 +0200] "GET /basics.php HTTP/1.1" 200 2427
::1 - - [11/Nov/2022:18:10:06 +0200] "GET / HTTP/1.1" 200 2053
::1 - - [11/Nov/2022:18:10:07 +0200] "GET /favicon.ico HTTP/1.1" 404 299
::1 - - [11/Nov/2022:18:48:24 +0200] "GET / HTTP/1.1" 200 2111
::1 - - [11/Nov/2022:18:48:28 +0200] "GET /fundamentals.php HTTP/1.1" 200 1464
::1 - - [11/Nov/2022:18:54:07 +0200] "GET /fundamentals.php HTTP/1.1" 200 172
::1 - - [11/Nov/2022:18:54:25 +0200] "GET /fundamentals.php HTTP/1.1" 200 1706
::1 - - [11/Nov/2022:19:10:21 +0200] "GET /fundamentals.php HTTP/1.1" 200 2142
::1 - - [11/Nov/2022:19:19:50 +0200] "GET /fundamentals.php HTTP/1.1" 200 2155
::1 - - [11/Nov/2022:19:19:51 +0200] "GET /fundamentals.php HTTP/1.1" 200 2155
::1 - - [11/Nov/2022:19:19:51 +0200] "GET /fundamentals.php HTTP/1.1" 200 2155
::1 - - [11/Nov/2022:19:39:16 +0200] "GET /fundamentals.php HTTP/1.1" 200 2251
::1 - - [11/Nov/2022:19:39:52 +0200] "GET /fundamentals.php HTTP/1.1" 200 2256
::1 - - [11/Nov/2022:19:44:18 +0200] "GET /fundamentals.php HTTP/1.1" 200 2283
::1 - - [11/Nov/2022:19:46:59 +0200] "GET /fundamentals.php HTTP/1.1" 200 2302
::1 - - [11/Nov/2022:19:49:27 +0200] "GET /fundamentals.php HTTP/1.1" 200 2303
::1 - - [11/Nov/2022:20:07:33 +0200] "GET /fundamentals.php HTTP/1.1" 200 2309
::1 - - [11/Nov/2022:20:07:34 +0200] "GET /fundamentals.php HTTP/1.1" 200 2309
::1 - - [11/Nov/2022:20:07:35 +0200] "GET /fundamentals.php HTTP/1.1" 200 2309
::1 - - [11/Nov/2022:20:07:35 +0200] "GET /fundamentals.php HTTP/1.1" 200 2309
::1 - - [11/Nov/2022:20:09:55 +0200] "GET /fundamentals.php HTTP/1.1" 200 2377
::1 - - [11/Nov/2022:20:21:06 +0200] "GET /fundamentals.php HTTP/1.1" 200 2388
::1 - - [11/Nov/2022:20:21:07 +0200] "GET /fundamentals.php HTTP/1.1" 200 2388
::1 - - [11/Nov/2022:20:21:30 +0200] "GET /fundamentals.php HTTP/1.1" 200 2393
::1 - - [11/Nov/2022:20:21:31 +0200] "GET /fundamentals.php HTTP/1.1" 200 2393
::1 - - [11/Nov/2022:20:28:47 +0200] "GET /fundamentals.php HTTP/1.1" 200 2404
::1 - - [11/Nov/2022:20:32:39 +0200] "GET /fundamentals.php HTTP/1.1" 200 2553
::1 - - [11/Nov/2022:20:34:25 +0200] "GET /fundamentals.php HTTP/1.1" 200 2414
::1 - - [11/Nov/2022:20:34:25 +0200] "GET /fundamentals.php HTTP/1.1" 200 2414
::1 - - [12/Nov/2022:10:35:41 +0200] "GET / HTTP/1.1" 200 2111
::1 - - [12/Nov/2022:10:35:42 +0200] "GET /favicon.ico HTTP/1.1" 404 299
::1 - - [12/Nov/2022:10:35:43 +0200] "GET /fundamentals.php HTTP/1.1" 200 2414
::1 - - [12/Nov/2022:10:36:07 +0200] "GET / HTTP/1.1" 200 2111
::1 - - [12/Nov/2022:10:36:07 +0200] "GET / HTTP/1.1" 200 2111
::1 - - [12/Nov/2022:10:36:08 +0200] "GET / HTTP/1.1" 200 2111
::1 - - [12/Nov/2022:10:36:41 +0200] "GET / HTTP/1.1" 200 2111
::1 - - [12/Nov/2022:10:36:41 +0200] "GET / HTTP/1.1" 200 2111
::1 - - [12/Nov/2022:10:36:41 +0200] "GET / HTTP/1.1" 200 2111
::1 - - [12/Nov/2022:10:36:42 +0200] "GET / HTTP/1.1" 200 2111
::1 - - [12/Nov/2022:10:36:51 +0200] "GET / HTTP/1.1" 200 2111
::1 - - [12/Nov/2022:10:36:52 +0200] "GET / HTTP/1.1" 200 2111
::1 - - [12/Nov/2022:10:36:52 +0200] "GET / HTTP/1.1" 200 2111
::1 - - [12/Nov/2022:10:36:53 +0200] "GET / HTTP/1.1" 200 2111
::1 - - [12/Nov/2022:10:36:54 +0200] "GET / HTTP/1.1" 200 2111
::1 - - [12/Nov/2022:10:36:55 +0200] "GET / HTTP/1.1" 200 2111
::1 - - [12/Nov/2022:10:36:56 +0200] "GET / HTTP/1.1" 200 2111
::1 - - [12/Nov/2022:10:36:59 +0200] "GET / HTTP/1.1" 200 2111
::1 - - [12/Nov/2022:10:36:59 +0200] "GET / HTTP/1.1" 200 2111
::1 - - [12/Nov/2022:10:37:05 +0200] "GET / HTTP/1.1" 200 2111
::1 - - [12/Nov/2022:10:37:05 +0200] "GET / HTTP/1.1" 200 2111
::1 - - [12/Nov/2022:10:37:05 +0200] "GET / HTTP/1.1" 200 2111
::1 - - [12/Nov/2022:10:37:14 +0200] "GET /basics.php HTTP/1.1" 200 2421
::1 - - [12/Nov/2022:10:37:25 +0200] "GET /basics.php HTTP/1.1" 200 2427
::1 - - [12/Nov/2022:10:37:26 +0200] "GET /basics.php HTTP/1.1" 200 2427
::1 - - [12/Nov/2022:10:37:32 +0200] "GET /basics.php HTTP/1.1" 200 2809
::1 - - [12/Nov/2022:10:37:32 +0200] "GET /basics.php HTTP/1.1" 200 2809
::1 - - [12/Nov/2022:10:37:46 +0200] "GET /basics.php HTTP/1.1" 200 459222349
::1 - - [12/Nov/2022:10:38:38 +0200] "GET /basics.php HTTP/1.1" 200 2427
::1 - - [12/Nov/2022:10:38:47 +0200] "GET /basics.php HTTP/1.1" 200 2427
::1 - - [12/Nov/2022:10:40:59 +0200] "GET /basics.php HTTP/1.1" 200 2560
::1 - - [12/Nov/2022:10:41:26 +0200] "GET /basics.php HTTP/1.1" 200 2427
::1 - - [12/Nov/2022:10:42:30 +0200] "GET /basics.php HTTP/1.1" 200 2571
::1 - - [12/Nov/2022:10:42:49 +0200] "GET /basics.php HTTP/1.1" 200 2543
::1 - - [12/Nov/2022:10:42:50 +0200] "GET /basics.php HTTP/1.1" 200 2543
::1 - - [12/Nov/2022:10:43:15 +0200] "GET /basics.php HTTP/1.1" 200 2953
::1 - - [12/Nov/2022:10:43:22 +0200] "GET /basics.php HTTP/1.1" 200 2434
::1 - - [12/Nov/2022:10:44:01 +0200] "GET /basics.php HTTP/1.1" 200 2434
::1 - - [12/Nov/2022:10:44:01 +0200] "GET /basics.php HTTP/1.1" 200 2434
::1 - - [14/Nov/2022:18:26:37 +0200] "GET / HTTP/1.1" 200 2111
::1 - - [14/Nov/2022:18:26:38 +0200] "GET /favicon.ico HTTP/1.1" 404 299
::1 - - [14/Nov/2022:19:12:31 +0200] "GET / HTTP/1.1" 200 2111
::1 - - [14/Nov/2022:19:14:38 +0200] "GET / HTTP/1.1" 200 2111
::1 - - [14/Nov/2022:19:14:38 +0200] "GET /favicon.ico HTTP/1.1" 404 300
::1 - - [14/Nov/2022:19:37:52 +0200] "GET / HTTP/1.1" 200 2169
::1 - - [14/Nov/2022:19:38:12 +0200] "GET / HTTP/1.1" 200 2184
::1 - - [14/Nov/2022:19:38:16 +0200] "GET /layout.php HTTP/1.1" 200 336
::1 - - [14/Nov/2022:19:53:28 +0200] "GET /layout.php HTTP/1.1" 200 3653
::1 - - [14/Nov/2022:19:53:48 +0200] "GET / HTTP/1.1" 200 3543
::1 - - [14/Nov/2022:20:05:18 +0200] "GET / HTTP/1.1" 200 1
::1 - - [14/Nov/2022:20:17:35 +0200] "GET / HTTP/1.1" 200 -
::1 - - [14/Nov/2022:20:17:50 +0200] "GET /basic HTTP/1.1" 200 -
::1 - - [14/Nov/2022:20:18:30 +0200] "GET /basic HTTP/1.1" 200 44
::1 - - [14/Nov/2022:20:22:39 +0200] "GET /basic HTTP/1.1" 200 47
::1 - - [14/Nov/2022:20:22:40 +0200] "GET /basic HTTP/1.1" 200 47
::1 - - [14/Nov/2022:20:23:14 +0200] "GET / HTTP/1.1" 200 3
::1 - - [14/Nov/2022:20:23:20 +0200] "GET /index HTTP/1.1" 200 2184
::1 - - [14/Nov/2022:20:28:01 +0200] "GET / HTTP/1.1" 200 2184
::1 - - [14/Nov/2022:20:34:51 +0200] "GET / HTTP/1.1" 200 2184
::1 - - [14/Nov/2022:20:35:10 +0200] "GET / HTTP/1.1" 200 -
::1 - - [14/Nov/2022:20:35:43 +0200] "GET / HTTP/1.1" 200 2496
::1 - - [14/Nov/2022:20:35:45 +0200] "GET / HTTP/1.1" 200 2496
::1 - - [14/Nov/2022:20:37:30 +0200] "GET / HTTP/1.1" 200 2679
::1 - - [14/Nov/2022:20:37:31 +0200] "GET / HTTP/1.1" 200 2679
::1 - - [14/Nov/2022:20:37:58 +0200] "GET / HTTP/1.1" 200 2234
::1 - - [14/Nov/2022:20:37:59 +0200] "GET / HTTP/1.1" 200 2234
::1 - - [14/Nov/2022:20:38:00 +0200] "GET / HTTP/1.1" 200 2234
::1 - - [14/Nov/2022:20:38:03 +0200] "GET / HTTP/1.1" 200 2234
::1 - - [14/Nov/2022:20:38:18 +0200] "GET /fundamentals.php HTTP/1.1" 200 498
::1 - - [14/Nov/2022:20:38:19 +0200] "GET /basics.php HTTP/1.1" 200 498
::1 - - [14/Nov/2022:20:39:49 +0200] "GET / HTTP/1.1" 200 2102
::1 - - [14/Nov/2022:20:39:50 +0200] "GET / HTTP/1.1" 200 2102
::1 - - [14/Nov/2022:20:39:50 +0200] "GET / HTTP/1.1" 200 2102
::1 - - [14/Nov/2022:20:40:19 +0200] "GET / HTTP/1.1" 200 2102
::1 - - [14/Nov/2022:20:40:20 +0200] "GET / HTTP/1.1" 200 2102
::1 - - [14/Nov/2022:20:41:19 +0200] "GET / HTTP/1.1" 200 2068
::1 - - [14/Nov/2022:20:41:32 +0200] "GET / HTTP/1.1" 200 2102
::1 - - [14/Nov/2022:20:41:34 +0200] "GET / HTTP/1.1" 200 2102
::1 - - [14/Nov/2022:20:42:06 +0200] "GET / HTTP/1.1" 200 2107
::1 - - [14/Nov/2022:20:42:06 +0200] "GET / HTTP/1.1" 200 2107
::1 - - [14/Nov/2022:20:42:33 +0200] "GET / HTTP/1.1" 200 2116
::1 - - [14/Nov/2022:20:43:45 +0200] "GET / HTTP/1.1" 200 2116
::1 - - [14/Nov/2022:20:43:47 +0200] "GET /layout.php HTTP/1.1" 200 1556
::1 - - [14/Nov/2022:20:43:47 +0200] "GET /fundamentals.php HTTP/1.1" 200 2914
::1 - - [14/Nov/2022:20:43:48 +0200] "GET /basics.php HTTP/1.1" 200 503
::1 - - [14/Nov/2022:20:44:39 +0200] "GET /basics.php HTTP/1.1" 200 3114
::1 - - [14/Nov/2022:20:44:40 +0200] "GET /basics.php HTTP/1.1" 200 3114
::1 - - [14/Nov/2022:20:44:41 +0200] "GET /fundamentals.php HTTP/1.1" 200 2914
::1 - - [14/Nov/2022:20:44:41 +0200] "GET /layout.php HTTP/1.1" 200 1556
::1 - - [14/Nov/2022:20:44:42 +0200] "GET /basics.php HTTP/1.1" 200 3114
::1 - - [14/Nov/2022:20:44:42 +0200] "GET /fundamentals.php HTTP/1.1" 200 2914
::1 - - [14/Nov/2022:20:44:43 +0200] "GET /layout.php HTTP/1.1" 200 1556
::1 - - [14/Nov/2022:20:44:44 +0200] "GET /basics.php HTTP/1.1" 200 3114
::1 - - [14/Nov/2022:20:44:44 +0200] "GET /fundamentals.php HTTP/1.1" 200 2914
::1 - - [14/Nov/2022:20:44:45 +0200] "GET /layout.php HTTP/1.1" 200 1556
::1 - - [14/Nov/2022:20:45:19 +0200] "GET /basics.php HTTP/1.1" 200 3114
::1 - - [14/Nov/2022:20:45:20 +0200] "GET /fundamentals.php HTTP/1.1" 200 2914
::1 - - [14/Nov/2022:20:45:20 +0200] "GET /layout.php HTTP/1.1" 200 1556
::1 - - [14/Nov/2022:20:46:14 +0200] "GET /layout.php HTTP/1.1" 200 491
::1 - - [14/Nov/2022:20:46:43 +0200] "GET /layout.php HTTP/1.1" 200 491
::1 - - [14/Nov/2022:20:46:43 +0200] "GET /basics HTTP/1.1" 200 3102
::1 - - [14/Nov/2022:20:46:44 +0200] "GET /fundamentals HTTP/1.1" 200 2902
::1 - - [14/Nov/2022:20:46:44 +0200] "GET /layout HTTP/1.1" 200 1262
::1 - - [14/Nov/2022:20:46:45 +0200] "GET /basics HTTP/1.1" 200 3102
::1 - - [14/Nov/2022:20:46:45 +0200] "GET /fundamentals HTTP/1.1" 200 2902
::1 - - [14/Nov/2022:20:46:46 +0200] "GET /layout HTTP/1.1" 200 1262
::1 - - [14/Nov/2022:20:46:46 +0200] "GET /basics HTTP/1.1" 200 3102
::1 - - [14/Nov/2022:20:46:47 +0200] "GET /basics HTTP/1.1" 200 3102
::1 - - [14/Nov/2022:20:47:22 +0200] "GET / HTTP/1.1" 200 2104
::1 - - [14/Nov/2022:20:47:26 +0200] "GET / HTTP/1.1" 200 2104
::1 - - [14/Nov/2022:20:47:26 +0200] "GET /basics HTTP/1.1" 200 3102
::1 - - [14/Nov/2022:20:47:27 +0200] "GET /fundamentals HTTP/1.1" 200 2902
::1 - - [14/Nov/2022:20:47:27 +0200] "GET /layout HTTP/1.1" 200 1214
::1 - - [14/Nov/2022:20:47:50 +0200] "GET /basics HTTP/1.1" 200 3102
::1 - - [14/Nov/2022:20:47:50 +0200] "GET /fundamentals HTTP/1.1" 200 2902
::1 - - [14/Nov/2022:20:47:51 +0200] "GET /layout HTTP/1.1" 200 1214
::1 - - [14/Nov/2022:20:47:51 +0200] "GET /basics HTTP/1.1" 200 3102
::1 - - [14/Nov/2022:20:47:55 +0200] "GET /fundamentals HTTP/1.1" 200 2902
::1 - - [14/Nov/2022:20:47:56 +0200] "GET /layout HTTP/1.1" 200 1214
::1 - - [14/Nov/2022:20:52:00 +0200] "GET /layout HTTP/1.1" 200 1271
::1 - - [14/Nov/2022:20:52:10 +0200] "GET /layout HTTP/1.1" 200 1257
::1 - - [14/Nov/2022:20:52:11 +0200] "GET /home HTTP/1.1" 200 2147
::1 - - [14/Nov/2022:20:52:11 +0200] "GET /layout HTTP/1.1" 200 1257
::1 - - [14/Nov/2022:20:52:12 +0200] "GET /fundamentals HTTP/1.1" 200 2945
::1 - - [14/Nov/2022:20:52:12 +0200] "GET /basics HTTP/1.1" 200 3145
::1 - - [14/Nov/2022:20:52:13 +0200] "GET /home HTTP/1.1" 200 2147
::1 - - [14/Nov/2022:20:54:12 +0200] "GET /home HTTP/1.1" 200 216
::1 - - [14/Nov/2022:20:54:27 +0200] "GET /home HTTP/1.1" 200 2147
::1 - - [14/Nov/2022:20:54:32 +0200] "GET /home/a HTTP/1.1" 200 2147
::1 - - [14/Nov/2022:20:54:37 +0200] "GET /dsdsd HTTP/1.1" 200 624
::1 - - [14/Nov/2022:20:54:37 +0200] "GET /%60https://pic.rutube.ru/user/4e/2d/4e2da89764c7fa207f99eac7d9232a22.jpg?size=s`/ HTTP/1.1" 403 303
::1 - - [14/Nov/2022:20:55:23 +0200] "GET /dsdsd HTTP/1.1" 200 534
::1 - - [14/Nov/2022:20:55:27 +0200] "GET / HTTP/1.1" 200 2147
::1 - - [14/Nov/2022:21:01:39 +0200] "GET /fundamentals HTTP/1.1" 200 2945
::1 - - [14/Nov/2022:21:01:39 +0200] "GET /layout HTTP/1.1" 200 1257
::1 - - [14/Nov/2022:21:01:40 +0200] "GET /home HTTP/1.1" 200 2147
::1 - - [14/Nov/2022:21:01:40 +0200] "GET /basics HTTP/1.1" 200 3145
::1 - - [14/Nov/2022:21:06:39 +0200] "-" 408 -
::1 - - [18/Nov/2022:19:54:22 +0200] "GET / HTTP/1.1" 200 2147
::1 - - [18/Nov/2022:19:54:23 +0200] "GET /favicon.ico HTTP/1.1" 200 534
::1 - - [18/Nov/2022:19:54:27 +0200] "GET /db HTTP/1.1" 200 534
::1 - - [18/Nov/2022:19:54:27 +0200] "GET /favicon.ico HTTP/1.1" 200 534
::1 - - [18/Nov/2022:19:55:14 +0200] "GET / HTTP/1.1" 200 2178
::1 - - [18/Nov/2022:19:55:14 +0200] "GET /favicon.ico HTTP/1.1" 200 565
::1 - - [18/Nov/2022:19:55:15 +0200] "GET /db HTTP/1.1" 200 4539
::1 - - [18/Nov/2022:19:55:16 +0200] "GET /favicon.ico HTTP/1.1" 200 565
::1 - - [18/Nov/2022:19:55:17 +0200] "GET /db HTTP/1.1" 200 4539
::1 - - [18/Nov/2022:19:55:17 +0200] "GET /favicon.ico HTTP/1.1" 200 565
::1 - - [18/Nov/2022:19:55:21 +0200] "GET /db HTTP/1.1" 200 4539
::1 - - [18/Nov/2022:19:55:21 +0200] "GET /favicon.ico HTTP/1.1" 200 565
::1 - - [18/Nov/2022:19:55:33 +0200] "GET /db HTTP/1.1" 200 4539
::1 - - [18/Nov/2022:19:55:33 +0200] "GET /favicon.ico HTTP/1.1" 200 565
::1 - - [18/Nov/2022:19:55:35 +0200] "GET /db HTTP/1.1" 200 4539
::1 - - [18/Nov/2022:19:55:35 +0200] "GET /favicon.ico HTTP/1.1" 200 565
::1 - - [18/Nov/2022:19:55:37 +0200] "GET /db HTTP/1.1" 200 4539
::1 - - [18/Nov/2022:19:55:37 +0200] "GET /favicon.ico HTTP/1.1" 200 565
::1 - - [18/Nov/2022:20:00:57 +0200] "GET /phpmyadmin HTTP/1.1" 301 335
::1 - - [18/Nov/2022:20:00:57 +0200] "GET /phpmyadmin/ HTTP/1.1" 200 18193
::1 - - [18/Nov/2022:20:01:07 +0200] "GET /phpmyadmin/themes/pmahomme/jquery/jquery-ui.css HTTP/1.1" 200 36566
::1 - - [18/Nov/2022:20:01:07 +0200] "GET /phpmyadmin/js/vendor/codemirror/lib/codemirror.css?v=5.1.3 HTTP/1.1" 200 8709
::1 - - [18/Nov/2022:20:01:07 +0200] "GET /phpmyadmin/js/vendor/codemirror/addon/hint/show-hint.css?v=5.1.3 HTTP/1.1" 200 623
::1 - - [18/Nov/2022:20:01:07 +0200] "GET /phpmyadmin/themes/pmahomme/css/theme.css?v=5.1.3&nocache=1433463194ltr&server=1 HTTP/1.1" 200 216144
::1 - - [18/Nov/2022:20:01:07 +0200] "GET /phpmyadmin/js/vendor/codemirror/addon/lint/lint.css?v=5.1.3 HTTP/1.1" 200 3035
::1 - - [18/Nov/2022:20:01:07 +0200] "GET /phpmyadmin/js/vendor/jquery/jquery-migrate.js?v=5.1.3 HTTP/1.1" 200 25300
::1 - - [18/Nov/2022:20:01:07 +0200] "GET /phpmyadmin/js/vendor/jquery/jquery.min.js?v=5.1.3 HTTP/1.1" 200 89501
::1 - - [18/Nov/2022:20:01:07 +0200] "GET /phpmyadmin/js/vendor/sprintf.js?v=5.1.3 HTTP/1.1" 200 7409
::1 - - [18/Nov/2022:20:01:07 +0200] "GET /phpmyadmin/js/vendor/bootstrap/bootstrap.bundle.min.js?v=5.1.3 HTTP/1.1" 200 83253
::1 - - [18/Nov/2022:20:01:07 +0200] "GET /phpmyadmin/js/vendor/js.cookie.js?v=5.1.3 HTTP/1.1" 200 3883
::1 - - [18/Nov/2022:20:01:07 +0200] "GET /phpmyadmin/js/vendor/jquery/jquery.mousewheel.js?v=5.1.3 HTTP/1.1" 200 8267
::1 - - [18/Nov/2022:20:01:07 +0200] "GET /phpmyadmin/js/vendor/jquery/jquery.validate.js?v=5.1.3 HTTP/1.1" 200 50963
::1 - - [18/Nov/2022:20:01:07 +0200] "GET /phpmyadmin/js/dist/keyhandler.js?v=5.1.3 HTTP/1.1" 200 3003
::1 - - [18/Nov/2022:20:01:07 +0200] "GET /phpmyadmin/js/vendor/jquery/jquery-ui.min.js?v=5.1.3 HTTP/1.1" 200 253669
::1 - - [18/Nov/2022:20:01:07 +0200] "GET /phpmyadmin/js/vendor/jquery/jquery.ba-hashchange-2.0.js?v=5.1.3 HTTP/1.1" 200 10505
::1 - - [18/Nov/2022:20:01:07 +0200] "GET /phpmyadmin/js/vendor/jquery/jquery.debounce-1.0.6.js?v=5.1.3 HTTP/1.1" 200 1608
::1 - - [18/Nov/2022:20:01:07 +0200] "GET /phpmyadmin/js/vendor/jquery/jquery-ui-timepicker-addon.js?v=5.1.3 HTTP/1.1" 200 78475
::1 - - [18/Nov/2022:20:01:07 +0200] "GET /phpmyadmin/js/dist/cross_framing_protection.js?v=5.1.3 HTTP/1.1" 200 419
::1 - - [18/Nov/2022:20:01:07 +0200] "GET /phpmyadmin/js/dist/ajax.js?v=5.1.3 HTTP/1.1" 200 31330
::1 - - [18/Nov/2022:20:01:07 +0200] "GET /phpmyadmin/js/dist/rte.js?v=5.1.3 HTTP/1.1" 200 40074
::1 - - [18/Nov/2022:20:01:07 +0200] "GET /phpmyadmin/js/dist/config.js?v=5.1.3 HTTP/1.1" 200 25448
::1 - - [18/Nov/2022:20:01:07 +0200] "GET /phpmyadmin/js/dist/menu_resizer.js?v=5.1.3 HTTP/1.1" 200 5687
::1 - - [18/Nov/2022:20:01:07 +0200] "GET /phpmyadmin/js/dist/doclinks.js?v=5.1.3 HTTP/1.1" 200 18292
::1 - - [18/Nov/2022:20:01:07 +0200] "GET /phpmyadmin/js/dist/indexes.js?v=5.1.3 HTTP/1.1" 200 26322
::1 - - [18/Nov/2022:20:01:07 +0200] "GET /phpmyadmin/js/dist/navigation.js?v=5.1.3 HTTP/1.1" 200 54678
::1 - - [18/Nov/2022:20:01:07 +0200] "GET /phpmyadmin/js/dist/page_settings.js?v=5.1.3 HTTP/1.1" 200 1568
::1 - - [18/Nov/2022:20:01:07 +0200] "GET /phpmyadmin/js/dist/common.js?v=5.1.3 HTTP/1.1" 200 4388
::1 - - [18/Nov/2022:20:01:07 +0200] "GET /phpmyadmin/js/vendor/codemirror/addon/runmode/runmode.js?v=5.1.3 HTTP/1.1" 200 2773
::1 - - [18/Nov/2022:20:01:07 +0200] "GET /phpmyadmin/js/vendor/codemirror/mode/sql/sql.js?v=5.1.3 HTTP/1.1" 200 47998
::1 - - [18/Nov/2022:20:01:07 +0200] "GET /phpmyadmin/js/vendor/codemirror/addon/hint/show-hint.js?v=5.1.3 HTTP/1.1" 200 19979
::1 - - [18/Nov/2022:20:01:07 +0200] "GET /phpmyadmin/js/dist/functions.js?v=5.1.3 HTTP/1.1" 200 161208
::1 - - [18/Nov/2022:20:01:07 +0200] "GET /phpmyadmin/js/vendor/codemirror/lib/codemirror.js?v=5.1.3 HTTP/1.1" 200 399842
::1 - - [18/Nov/2022:20:01:08 +0200] "GET /phpmyadmin/js/vendor/codemirror/addon/hint/sql-hint.js?v=5.1.3 HTTP/1.1" 200 9604
::1 - - [18/Nov/2022:20:01:08 +0200] "GET /phpmyadmin/js/vendor/codemirror/addon/lint/lint.js?v=5.1.3 HTTP/1.1" 200 9985
::1 - - [18/Nov/2022:20:01:08 +0200] "GET /phpmyadmin/js/dist/codemirror/addon/lint/sql-lint.js?v=5.1.3 HTTP/1.1" 200 959
::1 - - [18/Nov/2022:20:01:08 +0200] "GET /phpmyadmin/js/dist/error_report.js?v=5.1.3 HTTP/1.1" 200 9664
::1 - - [18/Nov/2022:20:01:08 +0200] "GET /phpmyadmin/js/dist/shortcuts_handler.js?v=5.1.3 HTTP/1.1" 200 3326
::1 - - [18/Nov/2022:20:01:08 +0200] "GET /phpmyadmin/js/dist/drag_drop_import.js?v=5.1.3 HTTP/1.1" 200 12308
::1 - - [18/Nov/2022:20:01:08 +0200] "GET /phpmyadmin/js/vendor/tracekit.js?v=5.1.3 HTTP/1.1" 200 47128
::1 - - [18/Nov/2022:20:01:07 +0200] "GET /phpmyadmin/js/messages.php?l=ru&v=5.1.3&lang=ru HTTP/1.1" 200 12908
::1 - - [18/Nov/2022:20:01:08 +0200] "GET /phpmyadmin/js/dist/console.js?v=5.1.3 HTTP/1.1" 200 49699
::1 - - [18/Nov/2022:20:01:08 +0200] "GET /phpmyadmin/themes/pmahomme/img/logo_left.png HTTP/1.1" 200 2713
::1 - - [18/Nov/2022:20:01:08 +0200] "GET /phpmyadmin/themes/dot.gif HTTP/1.1" 200 43
::1 - - [18/Nov/2022:20:01:08 +0200] "GET /phpmyadmin/themes/pmahomme/css/printview.css?v=5.1.3 HTTP/1.1" 200 1392
::1 - - [18/Nov/2022:20:01:08 +0200] "GET /phpmyadmin/themes/pmahomme/img/b_home.png HTTP/1.1" 200 734
::1 - - [18/Nov/2022:20:01:08 +0200] "GET /phpmyadmin/themes/pmahomme/img/b_sqlhelp.png HTTP/1.1" 200 512
::1 - - [18/Nov/2022:20:01:08 +0200] "GET /phpmyadmin/themes/pmahomme/img/s_link.png HTTP/1.1" 200 280
::1 - - [18/Nov/2022:20:01:08 +0200] "GET /phpmyadmin/themes/pmahomme/img/b_docs.png HTTP/1.1" 200 705
::1 - - [18/Nov/2022:20:01:08 +0200] "GET /phpmyadmin/themes/pmahomme/img/left_nav_bg.png HTTP/1.1" 200 146
::1 - - [18/Nov/2022:20:01:08 +0200] "GET /phpmyadmin/themes/pmahomme/img/s_loggoff.png HTTP/1.1" 200 626
::1 - - [18/Nov/2022:20:01:08 +0200] "GET /phpmyadmin/themes/pmahomme/img/s_reload.png HTTP/1.1" 200 527
::1 - - [18/Nov/2022:20:01:08 +0200] "GET /phpmyadmin/themes/pmahomme/img/s_db.png HTTP/1.1" 200 328
::1 - - [18/Nov/2022:20:01:08 +0200] "GET /phpmyadmin/themes/pmahomme/img/b_plus.png HTTP/1.1" 200 143
::1 - - [18/Nov/2022:20:01:08 +0200] "GET /phpmyadmin/themes/pmahomme/img/s_cog.png HTTP/1.1" 200 442
::1 - - [18/Nov/2022:20:01:08 +0200] "GET /phpmyadmin/themes/pmahomme/img/b_newdb.png HTTP/1.1" 200 585
::1 - - [18/Nov/2022:20:01:08 +0200] "GET /phpmyadmin/themes/pmahomme/img/s_host.png HTTP/1.1" 200 591
::1 - - [18/Nov/2022:20:01:08 +0200] "GET /phpmyadmin/themes/pmahomme/img/b_help.png HTTP/1.1" 200 705
::1 - - [18/Nov/2022:20:01:08 +0200] "GET /phpmyadmin/themes/pmahomme/img/s_top.png HTTP/1.1" 200 220
::1 - - [18/Nov/2022:20:01:08 +0200] "GET /phpmyadmin/themes/pmahomme/img/s_asci.png HTTP/1.1" 200 148
::1 - - [18/Nov/2022:20:01:08 +0200] "GET /phpmyadmin/themes/pmahomme/img/console.png HTTP/1.1" 200 292
::1 - - [18/Nov/2022:20:01:08 +0200] "GET /phpmyadmin/themes/pmahomme/img/s_lang.png HTTP/1.1" 200 659
::1 - - [18/Nov/2022:20:01:08 +0200] "GET /phpmyadmin/themes/pmahomme/img/b_tblops.png HTTP/1.1" 200 537
::1 - - [18/Nov/2022:20:01:08 +0200] "GET /phpmyadmin/themes/pmahomme/img/window-new.png HTTP/1.1" 200 468
::1 - - [18/Nov/2022:20:01:08 +0200] "GET /phpmyadmin/themes/pmahomme/img/s_theme.png HTTP/1.1" 200 772
::1 - - [18/Nov/2022:20:01:08 +0200] "GET /phpmyadmin/favicon.ico HTTP/1.1" 200 22486
::1 - - [18/Nov/2022:20:01:08 +0200] "POST /phpmyadmin/index.php?route=/navigation&ajax_request=1 HTTP/1.1" 200 2581
::1 - - [18/Nov/2022:20:01:08 +0200] "POST /phpmyadmin/index.php?route=/version-check HTTP/1.1" 200 48
::1 - - [18/Nov/2022:20:01:08 +0200] "POST /phpmyadmin/index.php?route=/database/structure/favorite-table&ajax_request=1&favorite_table=1&sync_favorite_tables=1&lang=ru HTTP/1.1" 200 192
::1 - - [18/Nov/2022:20:01:08 +0200] "POST /phpmyadmin/index.php?route=/config/get HTTP/1.1" 200 1735
::1 - - [18/Nov/2022:20:01:08 +0200] "POST /phpmyadmin/index.php?route=/config/get HTTP/1.1" 200 1827
::1 - - [18/Nov/2022:20:01:10 +0200] "POST /phpmyadmin/index.php?route=/config/set HTTP/1.1" 200 1726
::1 - - [18/Nov/2022:20:01:30 +0200] "GET /phpmyadmin/themes/pmahomme/img/ajax_clock_small.gif HTTP/1.1" 200 1810
::1 - - [18/Nov/2022:20:01:30 +0200] "GET /phpmyadmin/index.php?route=/server/databases&server=1&ajax_request=true&ajax_page_request=true&_nocache=1668794490169957180&token=2f763d487c573722276a40542d475468 HTTP/1.1" 200 8788
::1 - - [18/Nov/2022:20:01:30 +0200] "GET /phpmyadmin/themes/pmahomme/img/s_asc.png HTTP/1.1" 200 146
::1 - - [18/Nov/2022:20:01:30 +0200] "GET /phpmyadmin/themes/pmahomme/img/b_deltbl.png HTTP/1.1" 200 577
::1 - - [18/Nov/2022:20:01:30 +0200] "GET /phpmyadmin/themes/pmahomme/img/s_rights.png HTTP/1.1" 200 461
::1 - - [18/Nov/2022:20:01:30 +0200] "GET /phpmyadmin/themes/pmahomme/img/s_notice.png HTTP/1.1" 200 567
::1 - - [18/Nov/2022:20:01:30 +0200] "GET /phpmyadmin/themes/pmahomme/img/arrow_ltr.png HTTP/1.1" 200 101
::1 - - [18/Nov/2022:20:01:30 +0200] "GET /phpmyadmin/js/dist/server/databases.js?v=5.1.3 HTTP/1.1" 200 4917
::1 - - [18/Nov/2022:20:01:30 +0200] "POST /phpmyadmin/index.php?route=/navigation&ajax_request=1 HTTP/1.1" 200 2581
::1 - - [18/Nov/2022:20:01:51 +0200] "POST /phpmyadmin/index.php?route=/server/databases/create HTTP/1.1" 200 2165
::1 - - [18/Nov/2022:20:01:51 +0200] "GET /phpmyadmin/themes/pmahomme/img/s_success.png HTTP/1.1" 200 465
::1 - - [18/Nov/2022:20:01:51 +0200] "POST /phpmyadmin/index.php?route=/navigation&ajax_request=1 HTTP/1.1" 200 2619
::1 - - [18/Nov/2022:20:01:51 +0200] "GET /phpmyadmin/index.php?route=/database/structure&db=pv011&ajax_request=true&ajax_page_request=true&_nocache=1668794511138385441&token=2f763d487c573722276a40542d475468 HTTP/1.1" 200 3586
::1 - - [18/Nov/2022:20:01:51 +0200] "GET /phpmyadmin/themes/pmahomme/img/b_table_add.png HTTP/1.1" 200 571
::1 - - [18/Nov/2022:20:01:51 +0200] "GET /phpmyadmin/js/dist/database/structure.js?v=5.1.3 HTTP/1.1" 200 15663
::1 - - [18/Nov/2022:20:01:51 +0200] "GET /phpmyadmin/js/dist/table/change.js?v=5.1.3 HTTP/1.1" 200 29079
::1 - - [18/Nov/2022:20:01:51 +0200] "POST /phpmyadmin/index.php?route=/navigation&ajax_request=1 HTTP/1.1" 200 2619
::1 - - [18/Nov/2022:20:01:51 +0200] "POST /phpmyadmin/index.php?route=/navigation&ajax_request=1 HTTP/1.1" 200 1752
::1 - - [18/Nov/2022:20:01:52 +0200] "POST /phpmyadmin/index.php?route=/navigation&ajax_request=1 HTTP/1.1" 200 1752
::1 - - [18/Nov/2022:20:01:52 +0200] "GET /phpmyadmin/themes/pmahomme/img/b_minus.png HTTP/1.1" 200 123
::1 - - [18/Nov/2022:20:02:07 +0200] "GET /phpmyadmin/index.php?route=/database/structure&server=1&db=pv011&ajax_request=true&ajax_page_request=true&_nocache=1668794527795386435&token=2f763d487c573722276a40542d475468 HTTP/1.1" 200 3586
::1 - - [18/Nov/2022:20:02:07 +0200] "POST /phpmyadmin/index.php?route=/navigation&ajax_request=1 HTTP/1.1" 200 2631
::1 - - [18/Nov/2022:20:02:12 +0200] "GET /phpmyadmin/index.php?route=/database/structure&server=1&db=pv011&ajax_request=true&ajax_page_request=true&_nocache=1668794532988793981&token=2f763d487c573722276a40542d475468 HTTP/1.1" 200 3586
::1 - - [18/Nov/2022:20:02:13 +0200] "POST /phpmyadmin/index.php?route=/navigation&ajax_request=1 HTTP/1.1" 200 2631
::1 - - [18/Nov/2022:20:02:22 +0200] "GET /phpmyadmin/index.php?route=/database/structure&server=1&db=pv011&ajax_request=true&ajax_page_request=true&_nocache=1668794542579891563&token=2f763d487c573722276a40542d475468 HTTP/1.1" 200 3586
::1 - - [18/Nov/2022:20:02:22 +0200] "POST /phpmyadmin/index.php?route=/navigation&ajax_request=1 HTTP/1.1" 200 2631
::1 - - [18/Nov/2022:20:02:24 +0200] "GET /phpmyadmin/index.php?route=/database/structure&server=1&db=pv011&ajax_request=true&ajax_page_request=true&_nocache=1668794544482764774&token=2f763d487c573722276a40542d475468 HTTP/1.1" 200 3586
::1 - - [18/Nov/2022:20:02:24 +0200] "POST /phpmyadmin/index.php?route=/navigation&ajax_request=1 HTTP/1.1" 200 2631
::1 - - [18/Nov/2022:20:02:25 +0200] "GET /phpmyadmin/index.php?route=/database/structure&server=1&db=pv011&ajax_request=true&ajax_page_request=true&_nocache=1668794545306223323&token=2f763d487c573722276a40542d475468 HTTP/1.1" 200 3586
::1 - - [18/Nov/2022:20:02:25 +0200] "POST /phpmyadmin/index.php?route=/navigation&ajax_request=1 HTTP/1.1" 200 2631
::1 - - [18/Nov/2022:20:02:25 +0200] "GET /phpmyadmin/index.php?route=/database/structure&server=1&db=pv011&ajax_request=true&ajax_page_request=true&_nocache=1668794545899275524&token=2f763d487c573722276a40542d475468 HTTP/1.1" 200 3586
::1 - - [18/Nov/2022:20:02:26 +0200] "POST /phpmyadmin/index.php?route=/navigation&ajax_request=1 HTTP/1.1" 200 2631
::1 - - [18/Nov/2022:20:02:26 +0200] "GET /phpmyadmin/index.php?route=/database/structure&server=1&db=pv011&ajax_request=true&ajax_page_request=true&_nocache=1668794546684757497&token=2f763d487c573722276a40542d475468 HTTP/1.1" 200 3586
::1 - - [18/Nov/2022:20:02:26 +0200] "POST /phpmyadmin/index.php?route=/navigation&ajax_request=1 HTTP/1.1" 200 2631
::1 - - [18/Nov/2022:20:02:37 +0200] "GET /phpmyadmin/index.php?route=/database/structure&server=1&db=pv011&ajax_request=true&ajax_page_request=true&_nocache=1668794557950553776&token=2f763d487c573722276a40542d475468 HTTP/1.1" 200 3586
::1 - - [18/Nov/2022:20:02:38 +0200] "POST /phpmyadmin/index.php?route=/navigation&ajax_request=1 HTTP/1.1" 200 2631
::1 - - [18/Nov/2022:20:02:42 +0200] "GET /phpmyadmin/themes/pmahomme/img/s_unlink.png HTTP/1.1" 200 589
::1 - - [18/Nov/2022:20:02:45 +0200] "GET /phpmyadmin/themes/pmahomme/img/b_props.png HTTP/1.1" 200 573
::1 - - [18/Nov/2022:20:02:45 +0200] "GET /phpmyadmin/themes/pmahomme/img/b_export.png HTTP/1.1" 200 514
::1 - - [18/Nov/2022:20:02:45 +0200] "GET /phpmyadmin/themes/pmahomme/img/b_routines.png HTTP/1.1" 200 306
::1 - - [18/Nov/2022:20:02:45 +0200] "GET /phpmyadmin/themes/pmahomme/img/b_import.png HTTP/1.1" 200 556
::1 - - [18/Nov/2022:20:02:45 +0200] "GET /phpmyadmin/themes/pmahomme/img/b_sql.png HTTP/1.1" 200 680
::1 - - [18/Nov/2022:20:02:45 +0200] "GET /phpmyadmin/themes/pmahomme/img/b_search.png HTTP/1.1" 200 538
::1 - - [18/Nov/2022:20:02:45 +0200] "GET /phpmyadmin/themes/pmahomme/img/centralColumns.png HTTP/1.1" 200 586
::1 - - [18/Nov/2022:20:02:45 +0200] "GET /phpmyadmin/themes/pmahomme/img/eye.png HTTP/1.1" 200 663
::1 - - [18/Nov/2022:20:02:45 +0200] "GET /phpmyadmin/themes/pmahomme/img/b_events.png HTTP/1.1" 200 703
::1 - - [18/Nov/2022:20:02:45 +0200] "GET /phpmyadmin/themes/pmahomme/img/b_triggers.png HTTP/1.1" 200 446
::1 - - [18/Nov/2022:20:02:45 +0200] "GET /phpmyadmin/themes/pmahomme/img/b_relations.png HTTP/1.1" 200 140
::1 - - [18/Nov/2022:20:02:50 +0200] "GET /phpmyadmin/index.php?route=/database/sql&db=pv011&ajax_request=true&ajax_page_request=true&_nocache=1668794570215653693&token=2f763d487c573722276a40542d475468 HTTP/1.1" 200 5803
::1 - - [18/Nov/2022:20:02:50 +0200] "GET /phpmyadmin/js/vendor/jquery/jquery.uitablefilter.js?v=5.1.3 HTTP/1.1" 200 3139
::1 - - [18/Nov/2022:20:02:50 +0200] "GET /phpmyadmin/js/dist/sql.js?v=5.1.3 HTTP/1.1" 200 35847
::1 - - [18/Nov/2022:20:02:50 +0200] "GET /phpmyadmin/js/vendor/stickyfill.min.js?v=5.1.3 HTTP/1.1" 200 6500
::1 - - [18/Nov/2022:20:02:50 +0200] "GET /phpmyadmin/js/dist/makegrid.js?v=5.1.3 HTTP/1.1" 200 79747
::1 - - [18/Nov/2022:20:02:50 +0200] "POST /phpmyadmin/index.php?route=/navigation&ajax_request=1 HTTP/1.1" 200 2631
::1 - - [18/Nov/2022:20:03:22 +0200] "GET /phpmyadmin/themes/pmahomme/img/s_lock.png HTTP/1.1" 200 667
::1 - - [18/Nov/2022:20:03:22 +0200] "POST /phpmyadmin/index.php?route=/database/sql/autocomplete HTTP/1.1" 200 1873
::1 - - [18/Nov/2022:20:03:22 +0200] "POST /phpmyadmin/index.php?route=/lint HTTP/1.1" 200 28
::1 - - [18/Nov/2022:20:03:35 +0200] "POST /phpmyadmin/index.php?route=/import HTTP/1.1" 200 2407
::1 - - [18/Nov/2022:20:03:52 +0200] "GET /db HTTP/1.1" 200 3953
::1 - - [18/Nov/2022:20:03:52 +0200] "GET /favicon.ico HTTP/1.1" 200 565
::1 - - [18/Nov/2022:20:04:03 +0200] "GET /db HTTP/1.1" 200 4028
::1 - - [18/Nov/2022:20:04:03 +0200] "GET /favicon.ico HTTP/1.1" 200 565
::1 - - [18/Nov/2022:20:18:53 +0200] "GET /db HTTP/1.1" 200 4538
::1 - - [18/Nov/2022:20:18:53 +0200] "GET /favicon.ico HTTP/1.1" 200 565
::1 - - [18/Nov/2022:20:19:26 +0200] "GET /db HTTP/1.1" 200 4049
::1 - - [18/Nov/2022:20:19:26 +0200] "GET /favicon.ico HTTP/1.1" 200 565
::1 - - [18/Nov/2022:20:20:12 +0200] "GET /db HTTP/1.1" 200 4049
::1 - - [18/Nov/2022:20:20:12 +0200] "GET /favicon.ico HTTP/1.1" 200 565
::1 - - [18/Nov/2022:20:20:51 +0200] "GET /db HTTP/1.1" 200 4049
::1 - - [18/Nov/2022:20:20:51 +0200] "GET /favicon.ico HTTP/1.1" 200 565
::1 - - [18/Nov/2022:20:21:45 +0200] "GET /phpmyadmin/index.php?route=/database/structure&server=1&db=pv011&ajax_request=true&ajax_page_request=true&_nocache=166879570587242986&token=2f763d487c573722276a40542d475468 HTTP/1.1" 200 6144
::1 - - [18/Nov/2022:20:21:47 +0200] "GET /phpmyadmin/themes/pmahomme/img/b_browse.png HTTP/1.1" 200 486
::1 - - [18/Nov/2022:20:21:47 +0200] "GET /phpmyadmin/themes/pmahomme/img/b_no_favorite.png HTTP/1.1" 200 377
::1 - - [18/Nov/2022:20:21:47 +0200] "GET /phpmyadmin/themes/pmahomme/img/b_insrow.png HTTP/1.1" 200 157
::1 - - [18/Nov/2022:20:21:47 +0200] "GET /phpmyadmin/themes/pmahomme/img/b_select.png HTTP/1.1" 200 593
::1 - - [18/Nov/2022:20:21:47 +0200] "GET /phpmyadmin/themes/pmahomme/img/b_print.png HTTP/1.1" 200 639
::1 - - [18/Nov/2022:20:21:47 +0200] "GET /phpmyadmin/themes/pmahomme/img/b_drop.png HTTP/1.1" 200 637
::1 - - [18/Nov/2022:20:21:47 +0200] "GET /phpmyadmin/themes/pmahomme/img/b_empty.png HTTP/1.1" 200 521
::1 - - [18/Nov/2022:20:21:47 +0200] "GET /phpmyadmin/themes/pmahomme/img/b_tblanalyse.png HTTP/1.1" 200 152
::1 - - [18/Nov/2022:20:21:47 +0200] "POST /phpmyadmin/index.php?route=/navigation&ajax_request=1 HTTP/1.1" 200 2941
::1 - - [18/Nov/2022:20:21:47 +0200] "GET /phpmyadmin/themes/pmahomme/img/hide.png HTTP/1.1" 200 284
::1 - - [18/Nov/2022:20:21:52 +0200] "GET /phpmyadmin/index.php?route=/sql&server=1&db=pv011&table=demo&pos=0&ajax_request=true&ajax_page_request=true&_nocache=1668795712252718693&token=2f763d487c573722276a40542d475468 HTTP/1.1" 200 9464
::1 - - [18/Nov/2022:20:21:53 +0200] "GET /phpmyadmin/themes/pmahomme/img/s_tbl.png HTTP/1.1" 200 645
::1 - - [18/Nov/2022:20:21:53 +0200] "GET /phpmyadmin/themes/pmahomme/img/b_tblexport.png HTTP/1.1" 200 514
::1 - - [18/Nov/2022:20:21:53 +0200] "GET /phpmyadmin/themes/pmahomme/img/b_edit.png HTTP/1.1" 200 377
::1 - - [18/Nov/2022:20:21:53 +0200] "GET /phpmyadmin/themes/pmahomme/img/b_chart.png HTTP/1.1" 200 449
::1 - - [18/Nov/2022:20:21:53 +0200] "GET /phpmyadmin/themes/pmahomme/img/b_view_add.png HTTP/1.1" 200 678
::1 - - [18/Nov/2022:20:21:53 +0200] "GET /phpmyadmin/themes/pmahomme/img/b_bookmark.png HTTP/1.1" 200 637
::1 - - [18/Nov/2022:20:21:53 +0200] "GET /phpmyadmin/themes/pmahomme/img/col_drop.png HTTP/1.1" 200 111
::1 - - [18/Nov/2022:20:21:53 +0200] "GET /phpmyadmin/themes/pmahomme/img/col_pointer.png HTTP/1.1" 200 102
::1 - - [18/Nov/2022:20:21:53 +0200] "GET /phpmyadmin/js/dist/gis_data_editor.js?v=5.1.3 HTTP/1.1" 200 13782
::1 - - [18/Nov/2022:20:21:53 +0200] "GET /phpmyadmin/js/dist/multi_column_sort.js?v=5.1.3 HTTP/1.1" 200 1296
::1 - - [18/Nov/2022:20:21:53 +0200] "GET /phpmyadmin/themes/pmahomme/img/s_fulltext.png HTTP/1.1" 200 176
::1 - - [18/Nov/2022:20:21:53 +0200] "GET /phpmyadmin/index.php?route=/recent-table&ajax_request=1&recent_table=1&no_debug=true&_nocache=1668795713285336726&token=2f763d487c573722276a40542d475468 HTTP/1.1" 200 1784
::1 - - [18/Nov/2022:20:21:57 +0200] "POST /phpmyadmin/index.php?route=/config/set HTTP/1.1" 200 1728
::1 - - [18/Nov/2022:20:37:21 +0200] "GET /db HTTP/1.1" 200 659
::1 - - [18/Nov/2022:20:37:21 +0200] "GET /favicon.ico HTTP/1.1" 200 565
::1 - - [18/Nov/2022:20:38:25 +0200] "GET /db HTTP/1.1" 200 662
::1 - - [18/Nov/2022:20:38:25 +0200] "GET /favicon.ico HTTP/1.1" 200 565
::1 - - [18/Nov/2022:20:38:46 +0200] "GET /phpmyadmin/index.php?route=/sql&server=1&db=pv011&table=demo&pos=0 HTTP/1.1" 200 17839
::1 - - [18/Nov/2022:20:38:46 +0200] "GET /phpmyadmin/themes/pmahomme/jquery/jquery-ui.css HTTP/1.1" 200 36566
::1 - - [18/Nov/2022:20:38:46 +0200] "GET /phpmyadmin/js/vendor/codemirror/lib/codemirror.css?v=5.1.3 HTTP/1.1" 200 8709
::1 - - [18/Nov/2022:20:38:46 +0200] "GET /phpmyadmin/themes/pmahomme/css/theme.css?v=5.1.3&nocache=233621772ltr&server=1 HTTP/1.1" 200 216144
::1 - - [18/Nov/2022:20:38:46 +0200] "GET /phpmyadmin/js/vendor/codemirror/addon/hint/show-hint.css?v=5.1.3 HTTP/1.1" 200 623
::1 - - [18/Nov/2022:20:38:46 +0200] "GET /phpmyadmin/js/vendor/codemirror/addon/lint/lint.css?v=5.1.3 HTTP/1.1" 200 3035
::1 - - [18/Nov/2022:20:38:46 +0200] "GET /phpmyadmin/js/messages.php?l=ru&v=5.1.3 HTTP/1.1" 200 12908
::1 - - [18/Nov/2022:20:38:46 +0200] "POST /phpmyadmin/index.php?route=/config/get HTTP/1.1" 200 1736
::1 - - [18/Nov/2022:20:38:46 +0200] "POST /phpmyadmin/index.php?route=/navigation&ajax_request=1 HTTP/1.1" 200 2964
::1 - - [18/Nov/2022:20:38:46 +0200] "POST /phpmyadmin/index.php?route=/config/get HTTP/1.1" 200 1829
::1 - - [18/Nov/2022:20:38:46 +0200] "GET /phpmyadmin/index.php?route=/recent-table&ajax_request=1&recent_table=1&no_debug=true&_nocache=1668796726739781265&token=2f763d487c573722276a40542d475468 HTTP/1.1" 200 1784
::1 - - [18/Nov/2022:20:38:47 +0200] "POST /phpmyadmin/index.php?route=/config/set HTTP/1.1" 200 1728
::1 - - [18/Nov/2022:20:38:48 +0200] "GET /phpmyadmin/index.php?route=/sql&server=1&db=pv011&table=demo&pos=0&ajax_request=true&ajax_page_request=true&_nocache=1668796728337519590&token=2f763d487c573722276a40542d475468 HTTP/1.1" 200 9462
::1 - - [18/Nov/2022:20:38:48 +0200] "GET /phpmyadmin/index.php?route=/recent-table&ajax_request=1&recent_table=1&no_debug=true&_nocache=1668796728528205433&token=2f763d487c573722276a40542d475468 HTTP/1.1" 200 1784
::1 - - [18/Nov/2022:20:38:49 +0200] "GET /phpmyadmin/index.php?route=/sql&server=1&db=pv011&table=demo&pos=0&ajax_request=true&ajax_page_request=true&_nocache=1668796729249686287&token=2f763d487c573722276a40542d475468 HTTP/1.1" 200 9462
::1 - - [18/Nov/2022:20:38:49 +0200] "GET /phpmyadmin/index.php?route=/recent-table&ajax_request=1&recent_table=1&no_debug=true&_nocache=1668796729432888659&token=2f763d487c573722276a40542d475468 HTTP/1.1" 200 1784
::1 - - [18/Nov/2022:20:40:16 +0200] "GET /db HTTP/1.1" 200 701
::1 - - [18/Nov/2022:20:40:16 +0200] "GET /favicon.ico HTTP/1.1" 200 565
::1 - - [18/Nov/2022:20:40:44 +0200] "GET /db HTTP/1.1" 200 701
::1 - - [18/Nov/2022:20:40:44 +0200] "GET /favicon.ico HTTP/1.1" 200 565
::1 - - [18/Nov/2022:20:41:51 +0200] "GET /db HTTP/1.1" 200 4296
::1 - - [18/Nov/2022:20:41:52 +0200] "GET /favicon.ico HTTP/1.1" 200 565
