[Wed Nov 09 20:35:53.365611 2022] [php:error] [pid 20648:tid 1872] [client ::1:61228] PHP Parse error:  syntax error, unexpected token "endfor", expecting "elseif" or "else" or "endif" in C:\\Users\\96205\\Desktop\\Files\\PHP\\ProjPHP\\www\\basics.php on line 36, referer: http://phpsite.local/
[Wed Nov 09 20:36:11.942234 2022] [php:error] [pid 20648:tid 1876] [client ::1:61250] PHP Parse error:  syntax error, unexpected token "endfor", expecting "elseif" or "else" or "endif" in C:\\Users\\96205\\Desktop\\Files\\PHP\\ProjPHP\\www\\basics.php on line 36, referer: http://phpsite.local/
[Wed Nov 09 20:36:12.407099 2022] [php:error] [pid 20648:tid 1876] [client ::1:61250] PHP Parse error:  syntax error, unexpected token "endfor", expecting "elseif" or "else" or "endif" in C:\\Users\\96205\\Desktop\\Files\\PHP\\ProjPHP\\www\\basics.php on line 36, referer: http://phpsite.local/
[Wed Nov 09 20:36:13.035544 2022] [php:error] [pid 20648:tid 1876] [client ::1:61250] PHP Parse error:  syntax error, unexpected token "endfor", expecting "elseif" or "else" or "endif" in C:\\Users\\96205\\Desktop\\Files\\PHP\\ProjPHP\\www\\basics.php on line 36, referer: http://phpsite.local/
[Wed Nov 09 20:40:44.211050 2022] [php:error] [pid 20648:tid 1876] [client ::1:61460] PHP Parse error:  syntax error, unexpected token "<" in C:\\Users\\96205\\Desktop\\Files\\PHP\\ProjPHP\\www\\basics.php on line 41, referer: http://phpsite.local/
[Wed Nov 09 20:40:56.937133 2022] [php:warn] [pid 20648:tid 1872] [client ::1:61461] PHP Warning:  include(footer.php): Failed to open stream: No such file or directory in C:\\Users\\96205\\Desktop\\Files\\PHP\\ProjPHP\\www\\basics.php on line 40, referer: http://phpsite.local/
[Wed Nov 09 20:40:56.937133 2022] [php:warn] [pid 20648:tid 1872] [client ::1:61461] PHP Warning:  include(): Failed opening 'footer.php' for inclusion (include_path='C:\\xampp\\php\\PEAR') in C:\\Users\\96205\\Desktop\\Files\\PHP\\ProjPHP\\www\\basics.php on line 40, referer: http://phpsite.local/
[Wed Nov 09 20:41:50.355525 2022] [php:error] [pid 20648:tid 1876] [client ::1:61469] PHP Parse error:  syntax error, unexpected end of file, expecting "," or ";" in C:\\Users\\96205\\Desktop\\Files\\PHP\\ProjPHP\\www\\footer.php on line 3, referer: http://phpsite.local/
[Wed Nov 09 20:42:13.648330 2022] [php:error] [pid 20648:tid 1872] [client ::1:61515] PHP Parse error:  syntax error, unexpected end of file, expecting "," or ";" in C:\\Users\\96205\\Desktop\\Files\\PHP\\ProjPHP\\www\\footer.php on line 3, referer: http://phpsite.local/
[Wed Nov 09 20:42:14.467964 2022] [php:error] [pid 20648:tid 1872] [client ::1:61515] PHP Parse error:  syntax error, unexpected end of file, expecting "," or ";" in C:\\Users\\96205\\Desktop\\Files\\PHP\\ProjPHP\\www\\footer.php on line 3, referer: http://phpsite.local/
[Wed Nov 09 20:42:15.137020 2022] [php:error] [pid 20648:tid 1872] [client ::1:61515] PHP Parse error:  syntax error, unexpected end of file, expecting "," or ";" in C:\\Users\\96205\\Desktop\\Files\\PHP\\ProjPHP\\www\\footer.php on line 3, referer: http://phpsite.local/
[Wed Nov 09 20:42:45.107764 2022] [php:error] [pid 20648:tid 1876] [client ::1:61554] PHP Parse error:  syntax error, unexpected end of file, expecting "," or ";" in C:\\Users\\96205\\Desktop\\Files\\PHP\\ProjPHP\\www\\footer.php on line 3, referer: http://phpsite.local/
[Wed Nov 09 20:42:45.755236 2022] [php:error] [pid 20648:tid 1876] [client ::1:61554] PHP Parse error:  syntax error, unexpected end of file, expecting "," or ";" in C:\\Users\\96205\\Desktop\\Files\\PHP\\ProjPHP\\www\\footer.php on line 3, referer: http://phpsite.local/
[Wed Nov 09 20:42:53.208514 2022] [php:error] [pid 20648:tid 1872] [client ::1:61573] PHP Parse error:  syntax error, unexpected end of file, expecting "," or ";" in C:\\Users\\96205\\Desktop\\Files\\PHP\\ProjPHP\\www\\footer.php on line 3, referer: http://phpsite.local/
[Wed Nov 09 20:42:53.504645 2022] [php:error] [pid 20648:tid 1872] [client ::1:61573] PHP Parse error:  syntax error, unexpected end of file, expecting "," or ";" in C:\\Users\\96205\\Desktop\\Files\\PHP\\ProjPHP\\www\\footer.php on line 3, referer: http://phpsite.local/
[Wed Nov 09 20:42:53.685166 2022] [php:error] [pid 20648:tid 1872] [client ::1:61573] PHP Parse error:  syntax error, unexpected end of file, expecting "," or ";" in C:\\Users\\96205\\Desktop\\Files\\PHP\\ProjPHP\\www\\footer.php on line 3, referer: http://phpsite.local/
[Wed Nov 09 20:43:14.699050 2022] [php:error] [pid 20648:tid 1876] [client ::1:61578] PHP Parse error:  syntax error, unexpected end of file, expecting "," or ";" in C:\\Users\\96205\\Desktop\\Files\\PHP\\ProjPHP\\www\\footer.php on line 3, referer: http://phpsite.local/
[Wed Nov 09 20:43:15.244391 2022] [php:error] [pid 20648:tid 1876] [client ::1:61578] PHP Parse error:  syntax error, unexpected end of file, expecting "," or ";" in C:\\Users\\96205\\Desktop\\Files\\PHP\\ProjPHP\\www\\footer.php on line 3, referer: http://phpsite.local/
[Wed Nov 09 20:43:15.424976 2022] [php:error] [pid 20648:tid 1876] [client ::1:61578] PHP Parse error:  syntax error, unexpected end of file, expecting "," or ";" in C:\\Users\\96205\\Desktop\\Files\\PHP\\ProjPHP\\www\\footer.php on line 3, referer: http://phpsite.local/
[Wed Nov 09 20:43:15.639063 2022] [php:error] [pid 20648:tid 1876] [client ::1:61578] PHP Parse error:  syntax error, unexpected end of file, expecting "," or ";" in C:\\Users\\96205\\Desktop\\Files\\PHP\\ProjPHP\\www\\footer.php on line 3, referer: http://phpsite.local/
[Wed Nov 09 20:43:15.920041 2022] [php:error] [pid 20648:tid 1876] [client ::1:61578] PHP Parse error:  syntax error, unexpected end of file, expecting "," or ";" in C:\\Users\\96205\\Desktop\\Files\\PHP\\ProjPHP\\www\\footer.php on line 3, referer: http://phpsite.local/
[Wed Nov 09 20:43:40.931663 2022] [php:error] [pid 20648:tid 1872] [client ::1:61605] PHP Parse error:  syntax error, unexpected end of file, expecting "," or ";" in C:\\Users\\96205\\Desktop\\Files\\PHP\\ProjPHP\\www\\footer.php on line 3, referer: http://phpsite.local/
[Wed Nov 09 20:43:41.125365 2022] [php:error] [pid 20648:tid 1872] [client ::1:61605] PHP Parse error:  syntax error, unexpected end of file, expecting "," or ";" in C:\\Users\\96205\\Desktop\\Files\\PHP\\ProjPHP\\www\\footer.php on line 3, referer: http://phpsite.local/
[Wed Nov 09 20:43:41.295478 2022] [php:error] [pid 20648:tid 1872] [client ::1:61605] PHP Parse error:  syntax error, unexpected end of file, expecting "," or ";" in C:\\Users\\96205\\Desktop\\Files\\PHP\\ProjPHP\\www\\footer.php on line 3, referer: http://phpsite.local/
[Wed Nov 09 20:44:55.576063 2022] [php:error] [pid 20648:tid 1872] [client ::1:61657] PHP Parse error:  syntax error, unexpected end of file, expecting "," or ";" in C:\\Users\\96205\\Desktop\\Files\\PHP\\ProjPHP\\www\\footer.php on line 3, referer: http://phpsite.local/
[Fri Nov 11 18:54:07.301197 2022] [php:error] [pid 6324:tid 1888] [client ::1:55670] PHP Parse error:  syntax error, unexpected token "echo" in C:\\Users\\96205\\Desktop\\Files\\PHP\\ProjPHP\\www\\fundamentals.php on line 37, referer: http://phpsite.local/
[Fri Nov 11 20:32:39.285457 2022] [php:warn] [pid 6324:tid 1888] [client ::1:60373] PHP Warning:  Undefined variable $x in C:\\Users\\96205\\Desktop\\Files\\PHP\\ProjPHP\\www\\fundamentals.php on line 107, referer: http://phpsite.local/
[Sat Nov 12 10:37:32.254907 2022] [php:warn] [pid 6324:tid 1876] [client ::1:49543] PHP Warning:  include(basic.php): Failed to open stream: No such file or directory in C:\\Users\\96205\\Desktop\\Files\\PHP\\ProjPHP\\www\\footer.php on line 2, referer: http://phpsite.local/
[Sat Nov 12 10:37:32.273678 2022] [php:warn] [pid 6324:tid 1876] [client ::1:49543] PHP Warning:  include(): Failed opening 'basic.php' for inclusion (include_path='C:\\xampp\\php\\PEAR') in C:\\Users\\96205\\Desktop\\Files\\PHP\\ProjPHP\\www\\footer.php on line 2, referer: http://phpsite.local/
[Sat Nov 12 10:37:32.580484 2022] [php:warn] [pid 6324:tid 1876] [client ::1:49543] PHP Warning:  include(basic.php): Failed to open stream: No such file or directory in C:\\Users\\96205\\Desktop\\Files\\PHP\\ProjPHP\\www\\footer.php on line 2, referer: http://phpsite.local/
[Sat Nov 12 10:37:32.581512 2022] [php:warn] [pid 6324:tid 1876] [client ::1:49543] PHP Warning:  include(): Failed opening 'basic.php' for inclusion (include_path='C:\\xampp\\php\\PEAR') in C:\\Users\\96205\\Desktop\\Files\\PHP\\ProjPHP\\www\\footer.php on line 2, referer: http://phpsite.local/
[Sat Nov 12 10:40:59.621556 2022] [php:warn] [pid 6324:tid 1888] [client ::1:49743] PHP Warning:  Undefined variable $x in C:\\Users\\96205\\Desktop\\Files\\PHP\\ProjPHP\\www\\footer.php on line 6, referer: http://phpsite.local/
[Sat Nov 12 10:42:30.189902 2022] [php:error] [pid 6324:tid 1888] [client ::1:49836] PHP Parse error:  syntax error, unexpected identifier "Y", expecting ";" in C:\\Users\\96205\\Desktop\\Files\\PHP\\ProjPHP\\www\\footer.php on line 7, referer: http://phpsite.local/
[Sat Nov 12 10:42:49.222866 2022] [php:error] [pid 6324:tid 1876] [client ::1:49837] PHP Parse error:  syntax error, unexpected token "var" in C:\\Users\\96205\\Desktop\\Files\\PHP\\ProjPHP\\www\\footer.php on line 7, referer: http://phpsite.local/
[Sat Nov 12 10:42:50.196121 2022] [php:error] [pid 6324:tid 1876] [client ::1:49837] PHP Parse error:  syntax error, unexpected token "var" in C:\\Users\\96205\\Desktop\\Files\\PHP\\ProjPHP\\www\\footer.php on line 7, referer: http://phpsite.local/
[Sat Nov 12 10:43:15.421807 2022] [php:warn] [pid 6324:tid 1888] [client ::1:49849] PHP Warning:  Undefined variable $date in C:\\Users\\96205\\Desktop\\Files\\PHP\\ProjPHP\\www\\footer.php on line 7, referer: http://phpsite.local/
[Sat Nov 12 10:43:15.421807 2022] [php:error] [pid 6324:tid 1888] [client ::1:49849] PHP Fatal error:  Uncaught Error: Value of type null is not callable in C:\\Users\\96205\\Desktop\\Files\\PHP\\ProjPHP\\www\\footer.php:7\nStack trace:\n#0 C:\\Users\\96205\\Desktop\\Files\\PHP\\ProjPHP\\www\\footer.php(3): createFooter()\n#1 C:\\Users\\96205\\Desktop\\Files\\PHP\\ProjPHP\\www\\basics.php(40): include('C:\\\\Users\\\\96205\\\\...')\n#2 {main}\n  thrown in C:\\Users\\96205\\Desktop\\Files\\PHP\\ProjPHP\\www\\footer.php on line 7, referer: http://phpsite.local/
